Using pre-set license
Built from '2020.3/staging' branch; Version is '2020.3.26f1 (7298b473bc1a) revision 7510196'; Using compiler version '192528614'; Build Type 'Release'
OS: 'Windows 10  (10.0.19043) 64bit Professional' Language: 'es' Physical Memory: 8128 MB
BatchMode: 1, IsHumanControllingUs: 0, StartBugReporterOnCrash: 0, Is64bit: 1, IsPro: 0

COMMAND LINE ARGUMENTS:
C:\Program Files\UnityVersions\2020.3.26f1\Editor\Unity.exe
-adb2
-batchMode
-noUpm
-name
AssetImportWorker1
-projectPath
D:/Proyectos/Secret Entertainment/PlatziGameJamTeam14Entry/WTPlatziVerse
-logFile
Logs/AssetImportWorker1.log
-srvPort
61137
Successfully changed project path to: D:/Proyectos/Secret Entertainment/PlatziGameJamTeam14Entry/WTPlatziVerse
D:/Proyectos/Secret Entertainment/PlatziGameJamTeam14Entry/WTPlatziVerse
Using Asset Import Pipeline V2.
Refreshing native plugins compatible for Editor in 74.96 ms, found 2 plugins.
Preloading 0 native plugins for Editor in 0.00 ms.
Initialize engine version: 2020.3.26f1 (7298b473bc1a)
[Subsystems] Discovering subsystems at path C:/Program Files/UnityVersions/2020.3.26f1/Editor/Data/Resources/UnitySubsystems
[Subsystems] Discovering subsystems at path D:/Proyectos/Secret Entertainment/PlatziGameJamTeam14Entry/WTPlatziVerse/Assets
GfxDevice: creating device client; threaded=0
Direct3D:
    Version:  Direct3D 11.0 [level 11.1]
    Renderer: NVIDIA GeForce GTX 950 (ID=0x1402)
    Vendor:   
    VRAM:     2007 MB
    Driver:   30.0.14.7141
Initialize mono
Mono path[0] = 'C:/Program Files/UnityVersions/2020.3.26f1/Editor/Data/Managed'
Mono path[1] = 'C:/Program Files/UnityVersions/2020.3.26f1/Editor/Data/MonoBleedingEdge/lib/mono/unityjit'
Mono config path = 'C:/Program Files/UnityVersions/2020.3.26f1/Editor/Data/MonoBleedingEdge/etc'
Using monoOptions --debugger-agent=transport=dt_socket,embedding=1,server=y,suspend=n,address=127.0.0.1:56196
Begin MonoManager ReloadAssembly
Registering precompiled unity dll's ...
Register platform support module: C:/Program Files/UnityVersions/2020.3.26f1/Editor/Data/PlaybackEngines/WebGLSupport/UnityEditor.WebGL.Extensions.dll
Register platform support module: C:/Program Files/UnityVersions/2020.3.26f1/Editor/Data/PlaybackEngines/WindowsStandaloneSupport/UnityEditor.WindowsStandalone.Extensions.dll
Registered in 0.004388 seconds.
Native extension for WindowsStandalone target not found
Native extension for WebGL target not found
Refreshing native plugins compatible for Editor in 65.20 ms, found 2 plugins.
Preloading 0 native plugins for Editor in 0.00 ms.
Mono: successfully reloaded assembly
- Completed reload, in  1.389 seconds
Domain Reload Profiling:
	ReloadAssembly (1389ms)
		BeginReloadAssembly (83ms)
			ExecutionOrderSort (0ms)
			DisableScriptedObjects (0ms)
			BackupInstance (0ms)
			ReleaseScriptingObjects (0ms)
			CreateAndSetChildDomain (1ms)
		EndReloadAssembly (871ms)
			LoadAssemblies (80ms)
			RebuildTransferFunctionScriptingTraits (0ms)
			SetupTypeCache (417ms)
			ReleaseScriptCaches (0ms)
			RebuildScriptCaches (39ms)
			SetupLoadedEditorAssemblies (228ms)
				LogAssemblyErrors (0ms)
				InitializePlatformSupportModulesInManaged (7ms)
				SetLoadedEditorAssemblies (0ms)
				RefreshPlugins (65ms)
				BeforeProcessingInitializeOnLoad (20ms)
				ProcessInitializeOnLoadAttributes (96ms)
				ProcessInitializeOnLoadMethodAttributes (39ms)
				AfterProcessingInitializeOnLoad (0ms)
				EditorAssembliesLoaded (0ms)
			ExecutionOrderSort2 (0ms)
			AwakeInstancesAfterBackupRestoration (0ms)
Platform modules already initialized, skipping
Registering precompiled user dll's ...
Registered in 0.006594 seconds.
Begin MonoManager ReloadAssembly
Native extension for WindowsStandalone target not found
Native extension for WebGL target not found
Refreshing native plugins compatible for Editor in 73.34 ms, found 2 plugins.
Preloading 0 native plugins for Editor in 0.00 ms.
Mono: successfully reloaded assembly
- Completed reload, in  1.902 seconds
Domain Reload Profiling:
	ReloadAssembly (1904ms)
		BeginReloadAssembly (206ms)
			ExecutionOrderSort (0ms)
			DisableScriptedObjects (6ms)
			BackupInstance (0ms)
			ReleaseScriptingObjects (0ms)
			CreateAndSetChildDomain (24ms)
		EndReloadAssembly (1607ms)
			LoadAssemblies (161ms)
			RebuildTransferFunctionScriptingTraits (0ms)
			SetupTypeCache (528ms)
			ReleaseScriptCaches (1ms)
			RebuildScriptCaches (72ms)
			SetupLoadedEditorAssemblies (674ms)
				LogAssemblyErrors (0ms)
				InitializePlatformSupportModulesInManaged (6ms)
				SetLoadedEditorAssemblies (0ms)
				RefreshPlugins (73ms)
				BeforeProcessingInitializeOnLoad (137ms)
				ProcessInitializeOnLoadAttributes (424ms)
				ProcessInitializeOnLoadMethodAttributes (19ms)
				AfterProcessingInitializeOnLoad (13ms)
				EditorAssembliesLoaded (1ms)
			ExecutionOrderSort2 (0ms)
			AwakeInstancesAfterBackupRestoration (9ms)
Platform modules already initialized, skipping
========================================================================
Worker process is ready to serve import requests
Launched and connected shader compiler UnityShaderCompiler.exe after 0.55 seconds
Refreshing native plugins compatible for Editor in 0.69 ms, found 2 plugins.
Preloading 0 native plugins for Editor in 0.00 ms.
Unloading 2993 Unused Serialized files (Serialized files now loaded: 0)
System memory in use before: 151.8 MB.
System memory in use after: 152.0 MB.

Unloading 20 unused Assets to reduce memory usage. Loaded Objects now: 3448.
Total: 4.008200 ms (FindLiveObjects: 0.308800 ms CreateObjectMapping: 0.193000 ms MarkObjects: 3.467300 ms  DeleteObjects: 0.037800 ms)

AssetImportParameters requested are different than current active one (requested -> active):
  custom:framework-win-MediaFoundation: 216162199b28c13a410421893ffa2e32 -> 
  custom:video-decoder-ogg-theora: a1e56fd34408186e4bbccfd4996cb3dc -> 
  custom:container-muxer-webm: aa71ff27fc2769a1b78a27578f13a17b -> 
  custom:container-demuxer-webm: 4f35f7cbe854078d1ac9338744f61a02 -> 
  custom:container-demuxer-ogg: 62fdf1f143b41e24485cea50d1cbac27 -> 
  custom:video-encoder-webm-vp8: eb34c28f22e8b96e1ab97ce403110664 -> 
  custom:video-decoder-webm-vp8: 9c59270c3fd7afecdb556c50c9e8de78 -> 
  custom:audio-decoder-ogg-vorbis: bf7c407c2cedff20999df2af8eb42d56 -> 
  custom:audio-encoder-webm-vorbis: bf7c407c2cedff20999df2af8eb42d56 -> 
========================================================================
Received Import Request.
  path: Assets/Models/Rocket/Particle/Particula de Fuego de Hidrogeno.prefab
  artifactKey: Guid(71ece0d82db18d340bc4ee947b6ab4f0) Importer(815301076,1909f56bfc062723c751e8b465ee728b)
Start importing Assets/Models/Rocket/Particle/Particula de Fuego de Hidrogeno.prefab using Guid(71ece0d82db18d340bc4ee947b6ab4f0) Importer(815301076,1909f56bfc062723c751e8b465ee728b)  -> (artifact id: 'bbad14b3d123c3a3ea03c3b689ccd137') in 0.421604 seconds 
  Import took 0.428010 seconds .

========================================================================
Received Import Request.
  Time since last request: 0.814543 seconds.
  path: Assets/Models/Rocket/Particle/Particula de Fuego de Hidrogeno.prefab
  artifactKey: Guid(71ece0d82db18d340bc4ee947b6ab4f0) Importer(815301076,1909f56bfc062723c751e8b465ee728b)
Start importing Assets/Models/Rocket/Particle/Particula de Fuego de Hidrogeno.prefab using Guid(71ece0d82db18d340bc4ee947b6ab4f0) Importer(815301076,1909f56bfc062723c751e8b465ee728b)  -> (artifact id: '7680b63a87146bbafd5c00e7071b1763') in 0.036090 seconds 
  Import took 0.043816 seconds .

========================================================================
Received Import Request.
  Time since last request: 3.264156 seconds.
  path: Assets/Models/Rocket/Particle/Particula de Fuego de Hidrogeno.prefab
  artifactKey: Guid(71ece0d82db18d340bc4ee947b6ab4f0) Importer(815301076,1909f56bfc062723c751e8b465ee728b)
Start importing Assets/Models/Rocket/Particle/Particula de Fuego de Hidrogeno.prefab using Guid(71ece0d82db18d340bc4ee947b6ab4f0) Importer(815301076,1909f56bfc062723c751e8b465ee728b)  -> (artifact id: '8c17aaaeb53e94c0a612ad5c70031f3f') in 0.020536 seconds 
  Import took 0.029476 seconds .

========================================================================
Received Import Request.
  Time since last request: 5.358887 seconds.
  path: Assets/Models/Rocket/Particle/Particula de Fuego de Hidrogeno.prefab
  artifactKey: Guid(71ece0d82db18d340bc4ee947b6ab4f0) Importer(815301076,1909f56bfc062723c751e8b465ee728b)
Start importing Assets/Models/Rocket/Particle/Particula de Fuego de Hidrogeno.prefab using Guid(71ece0d82db18d340bc4ee947b6ab4f0) Importer(815301076,1909f56bfc062723c751e8b465ee728b)  -> (artifact id: '3175a355426bd6ce5852ca9f861ee58e') in 0.021789 seconds 
  Import took 0.028919 seconds .

========================================================================
Received Import Request.
  Time since last request: 0.769188 seconds.
  path: Assets/Models/Rocket/Particle/Particula de Fuego de Hidrogeno.prefab
  artifactKey: Guid(71ece0d82db18d340bc4ee947b6ab4f0) Importer(815301076,1909f56bfc062723c751e8b465ee728b)
Start importing Assets/Models/Rocket/Particle/Particula de Fuego de Hidrogeno.prefab using Guid(71ece0d82db18d340bc4ee947b6ab4f0) Importer(815301076,1909f56bfc062723c751e8b465ee728b)  -> (artifact id: 'bfe3b502dfa6145be93c2c15e25a4b7b') in 0.020988 seconds 
  Import took 0.028853 seconds .

========================================================================
Received Import Request.
  Time since last request: 2.765155 seconds.
  path: Assets/Models/Rocket/Particle/Particula de Fuego de Hidrogeno.prefab
  artifactKey: Guid(71ece0d82db18d340bc4ee947b6ab4f0) Importer(815301076,1909f56bfc062723c751e8b465ee728b)
Start importing Assets/Models/Rocket/Particle/Particula de Fuego de Hidrogeno.prefab using Guid(71ece0d82db18d340bc4ee947b6ab4f0) Importer(815301076,1909f56bfc062723c751e8b465ee728b)  -> (artifact id: '9182e0ad9ef71c226914f2e83adb4b8e') in 0.019775 seconds 
  Import took 0.026745 seconds .

========================================================================
Received Import Request.
  Time since last request: 0.775107 seconds.
  path: Assets/Models/Rocket/Particle/Particula de Fuego de Hidrogeno.prefab
  artifactKey: Guid(71ece0d82db18d340bc4ee947b6ab4f0) Importer(815301076,1909f56bfc062723c751e8b465ee728b)
Start importing Assets/Models/Rocket/Particle/Particula de Fuego de Hidrogeno.prefab using Guid(71ece0d82db18d340bc4ee947b6ab4f0) Importer(815301076,1909f56bfc062723c751e8b465ee728b)  -> (artifact id: '734d1d4c87e55533defeefbe51fcaa08') in 0.017618 seconds 
  Import took 0.023719 seconds .

========================================================================
Received Import Request.
  Time since last request: 3.422597 seconds.
  path: Assets/Models/Rocket/Particle/Particula de Fuego de Hidrogeno.prefab
  artifactKey: Guid(71ece0d82db18d340bc4ee947b6ab4f0) Importer(815301076,1909f56bfc062723c751e8b465ee728b)
Start importing Assets/Models/Rocket/Particle/Particula de Fuego de Hidrogeno.prefab using Guid(71ece0d82db18d340bc4ee947b6ab4f0) Importer(815301076,1909f56bfc062723c751e8b465ee728b)  -> (artifact id: '700aee40bfd9869ec23bde7ef3295401') in 0.021307 seconds 
  Import took 0.027660 seconds .

========================================================================
Received Import Request.
  Time since last request: 2.023125 seconds.
  path: Assets/Models/Rocket/Particle/Particula de Fuego de Hidrogeno.prefab
  artifactKey: Guid(71ece0d82db18d340bc4ee947b6ab4f0) Importer(815301076,1909f56bfc062723c751e8b465ee728b)
Start importing Assets/Models/Rocket/Particle/Particula de Fuego de Hidrogeno.prefab using Guid(71ece0d82db18d340bc4ee947b6ab4f0) Importer(815301076,1909f56bfc062723c751e8b465ee728b)  -> (artifact id: 'eb2cd268c29a94a4372f1a385fbd5a54') in 0.031643 seconds 
  Import took 0.039586 seconds .

========================================================================
Received Import Request.
  Time since last request: 2.088936 seconds.
  path: Assets/Models/Rocket/Particle/Particula de Fuego de Hidrogeno.prefab
  artifactKey: Guid(71ece0d82db18d340bc4ee947b6ab4f0) Importer(815301076,1909f56bfc062723c751e8b465ee728b)
Start importing Assets/Models/Rocket/Particle/Particula de Fuego de Hidrogeno.prefab using Guid(71ece0d82db18d340bc4ee947b6ab4f0) Importer(815301076,1909f56bfc062723c751e8b465ee728b)  -> (artifact id: 'f45f57cedba39a49539853c42148c5b9') in 0.018137 seconds 
  Import took 0.024906 seconds .

========================================================================
Received Import Request.
  Time since last request: 2.214711 seconds.
  path: Assets/Models/Rocket/Particle/Particula de Fuego de Hidrogeno.prefab
  artifactKey: Guid(71ece0d82db18d340bc4ee947b6ab4f0) Importer(815301076,1909f56bfc062723c751e8b465ee728b)
Start importing Assets/Models/Rocket/Particle/Particula de Fuego de Hidrogeno.prefab using Guid(71ece0d82db18d340bc4ee947b6ab4f0) Importer(815301076,1909f56bfc062723c751e8b465ee728b)  -> (artifact id: '9ba7662070b83107f7359c0cfb3048f6') in 0.019167 seconds 
  Import took 0.027177 seconds .

========================================================================
Received Import Request.
  Time since last request: 1.796562 seconds.
  path: Assets/Models/Rocket/Particle/Particula de Fuego de Hidrogeno.prefab
  artifactKey: Guid(71ece0d82db18d340bc4ee947b6ab4f0) Importer(815301076,1909f56bfc062723c751e8b465ee728b)
Start importing Assets/Models/Rocket/Particle/Particula de Fuego de Hidrogeno.prefab using Guid(71ece0d82db18d340bc4ee947b6ab4f0) Importer(815301076,1909f56bfc062723c751e8b465ee728b)  -> (artifact id: '6e7bf7f297e89ed4b4da003256a50514') in 0.023354 seconds 
  Import took 0.031931 seconds .

========================================================================
Received Import Request.
  Time since last request: 3.286443 seconds.
  path: Assets/Models/Rocket/Particle/Particula de Fuego de Hidrogeno.prefab
  artifactKey: Guid(71ece0d82db18d340bc4ee947b6ab4f0) Importer(815301076,1909f56bfc062723c751e8b465ee728b)
Start importing Assets/Models/Rocket/Particle/Particula de Fuego de Hidrogeno.prefab using Guid(71ece0d82db18d340bc4ee947b6ab4f0) Importer(815301076,1909f56bfc062723c751e8b465ee728b)  -> (artifact id: '29209f36a291c886283ccea02ddca7cd') in 0.037880 seconds 
  Import took 0.048380 seconds .

========================================================================
Received Import Request.
  Time since last request: 1.970505 seconds.
  path: Assets/Models/Rocket/Particle/Particula de Fuego de Hidrogeno.prefab
  artifactKey: Guid(71ece0d82db18d340bc4ee947b6ab4f0) Importer(815301076,1909f56bfc062723c751e8b465ee728b)
Start importing Assets/Models/Rocket/Particle/Particula de Fuego de Hidrogeno.prefab using Guid(71ece0d82db18d340bc4ee947b6ab4f0) Importer(815301076,1909f56bfc062723c751e8b465ee728b)  -> (artifact id: 'f09320d2df29b5c1ddaf8882712b6f2d') in 0.020609 seconds 
  Import took 0.030828 seconds .

========================================================================
Received Import Request.
  Time since last request: 2.004774 seconds.
  path: Assets/Models/Rocket/Particle/Particula de Fuego de Hidrogeno.prefab
  artifactKey: Guid(71ece0d82db18d340bc4ee947b6ab4f0) Importer(815301076,1909f56bfc062723c751e8b465ee728b)
Start importing Assets/Models/Rocket/Particle/Particula de Fuego de Hidrogeno.prefab using Guid(71ece0d82db18d340bc4ee947b6ab4f0) Importer(815301076,1909f56bfc062723c751e8b465ee728b)  -> (artifact id: 'e02f07b486bdb4aee2c46dbc909b15be') in 0.018148 seconds 
  Import took 0.025953 seconds .

========================================================================
Received Import Request.
  Time since last request: 110.899099 seconds.
  path: Assets/Models/Rocket/Particle/particleimg1.png
  artifactKey: Guid(bdd5d30044a1a314d99ea670b36c3e6d) Importer(815301076,1909f56bfc062723c751e8b465ee728b)
Start importing Assets/Models/Rocket/Particle/particleimg1.png using Guid(bdd5d30044a1a314d99ea670b36c3e6d) Importer(815301076,1909f56bfc062723c751e8b465ee728b)  -> (artifact id: 'fe184c4bad0c5a60e1571b5c9116071c') in 0.120644 seconds 
  Import took 0.129766 seconds .

========================================================================
Received Import Request.
  Time since last request: 8.877161 seconds.
  path: Assets/Models/Rocket/Particle/Fire.mat
  artifactKey: Guid(78e873e7a1d27a34e8208e0fe246b591) Importer(815301076,1909f56bfc062723c751e8b465ee728b)
Start importing Assets/Models/Rocket/Particle/Fire.mat using Guid(78e873e7a1d27a34e8208e0fe246b591) Importer(815301076,1909f56bfc062723c751e8b465ee728b)  -> (artifact id: '43c1d75328c19540a00c5b3d2227a946') in 0.389815 seconds 
  Import took 0.398595 seconds .

========================================================================
Received Import Request.
  Time since last request: 8.939809 seconds.
  path: Assets/Models/Rocket/Particle/Particula de Fuego de Hidrogeno.prefab
  artifactKey: Guid(71ece0d82db18d340bc4ee947b6ab4f0) Importer(815301076,1909f56bfc062723c751e8b465ee728b)
Start importing Assets/Models/Rocket/Particle/Particula de Fuego de Hidrogeno.prefab using Guid(71ece0d82db18d340bc4ee947b6ab4f0) Importer(815301076,1909f56bfc062723c751e8b465ee728b)  -> (artifact id: '0324a1b6efac3ccb466752561297236c') in 0.022184 seconds 
  Import took 0.029230 seconds .

========================================================================
Received Import Request.
  Time since last request: 1.621713 seconds.
  path: Assets/Models/Rocket/Particle/Particula de Fuego de Hidrogeno.prefab
  artifactKey: Guid(71ece0d82db18d340bc4ee947b6ab4f0) Importer(815301076,1909f56bfc062723c751e8b465ee728b)
Start importing Assets/Models/Rocket/Particle/Particula de Fuego de Hidrogeno.prefab using Guid(71ece0d82db18d340bc4ee947b6ab4f0) Importer(815301076,1909f56bfc062723c751e8b465ee728b)  -> (artifact id: '9fc7d2c024ae65d5ceaa6ab48eace226') in 0.039608 seconds 
  Import took 0.048202 seconds .

========================================================================
Received Import Request.
  Time since last request: 3.394618 seconds.
  path: Assets/Models/Rocket/Particle/Particula de Fuego de Hidrogeno.prefab
  artifactKey: Guid(71ece0d82db18d340bc4ee947b6ab4f0) Importer(815301076,1909f56bfc062723c751e8b465ee728b)
Start importing Assets/Models/Rocket/Particle/Particula de Fuego de Hidrogeno.prefab using Guid(71ece0d82db18d340bc4ee947b6ab4f0) Importer(815301076,1909f56bfc062723c751e8b465ee728b)  -> (artifact id: 'e92652463004704edd57bc821f56417b') in 0.022302 seconds 
  Import took 0.031465 seconds .

========================================================================
Received Import Request.
  Time since last request: 2.851804 seconds.
  path: Assets/Models/Rocket/Particle/Particula de Fuego de Hidrogeno.prefab
  artifactKey: Guid(71ece0d82db18d340bc4ee947b6ab4f0) Importer(815301076,1909f56bfc062723c751e8b465ee728b)
Start importing Assets/Models/Rocket/Particle/Particula de Fuego de Hidrogeno.prefab using Guid(71ece0d82db18d340bc4ee947b6ab4f0) Importer(815301076,1909f56bfc062723c751e8b465ee728b)  -> (artifact id: '8f6338e51f1aa2603fc52c322719f3e5') in 0.020969 seconds 
  Import took 0.029491 seconds .

========================================================================
Received Import Request.
  Time since last request: 0.787647 seconds.
  path: Assets/Models/Rocket/Particle/Particula de Fuego de Hidrogeno.prefab
  artifactKey: Guid(71ece0d82db18d340bc4ee947b6ab4f0) Importer(815301076,1909f56bfc062723c751e8b465ee728b)
Start importing Assets/Models/Rocket/Particle/Particula de Fuego de Hidrogeno.prefab using Guid(71ece0d82db18d340bc4ee947b6ab4f0) Importer(815301076,1909f56bfc062723c751e8b465ee728b)  -> (artifact id: 'a3afe2866a0d62202eb44944fe31609f') in 0.018294 seconds 
  Import took 0.025583 seconds .

========================================================================
Received Import Request.
  Time since last request: 0.772764 seconds.
  path: Assets/Models/Rocket/Particle/Particula de Fuego de Hidrogeno.prefab
  artifactKey: Guid(71ece0d82db18d340bc4ee947b6ab4f0) Importer(815301076,1909f56bfc062723c751e8b465ee728b)
Start importing Assets/Models/Rocket/Particle/Particula de Fuego de Hidrogeno.prefab using Guid(71ece0d82db18d340bc4ee947b6ab4f0) Importer(815301076,1909f56bfc062723c751e8b465ee728b)  -> (artifact id: '3e5a65aef04b7bc7f7c85d104fdbd81e') in 0.016501 seconds 
  Import took 0.024265 seconds .

========================================================================
Received Import Request.
  Time since last request: 2.207939 seconds.
  path: Assets/Models/Rocket/Particle/Particula de Fuego de Hidrogeno.prefab
  artifactKey: Guid(71ece0d82db18d340bc4ee947b6ab4f0) Importer(815301076,1909f56bfc062723c751e8b465ee728b)
Start importing Assets/Models/Rocket/Particle/Particula de Fuego de Hidrogeno.prefab using Guid(71ece0d82db18d340bc4ee947b6ab4f0) Importer(815301076,1909f56bfc062723c751e8b465ee728b)  -> (artifact id: '05223beecb86d75742a7e9e4f085163e') in 0.020838 seconds 
  Import took 0.028267 seconds .

========================================================================
Received Import Request.
  Time since last request: 0.616058 seconds.
  path: Assets/Models/Rocket/Particle/Particula de Fuego de Hidrogeno.prefab
  artifactKey: Guid(71ece0d82db18d340bc4ee947b6ab4f0) Importer(815301076,1909f56bfc062723c751e8b465ee728b)
Start importing Assets/Models/Rocket/Particle/Particula de Fuego de Hidrogeno.prefab using Guid(71ece0d82db18d340bc4ee947b6ab4f0) Importer(815301076,1909f56bfc062723c751e8b465ee728b)  -> (artifact id: '1ca00343b5717b66c6ba5200958a695b') in 0.018248 seconds 
  Import took 0.025772 seconds .

========================================================================
Received Import Request.
  Time since last request: 6.020357 seconds.
  path: Assets/Models/Rocket/Particle/Particula de Fuego de Hidrogeno.prefab
  artifactKey: Guid(71ece0d82db18d340bc4ee947b6ab4f0) Importer(815301076,1909f56bfc062723c751e8b465ee728b)
Start importing Assets/Models/Rocket/Particle/Particula de Fuego de Hidrogeno.prefab using Guid(71ece0d82db18d340bc4ee947b6ab4f0) Importer(815301076,1909f56bfc062723c751e8b465ee728b)  -> (artifact id: 'fe5a79f4e86412c20817350e120957ce') in 0.017856 seconds 
  Import took 0.024788 seconds .

========================================================================
Received Import Request.
  Time since last request: 0.376132 seconds.
  path: Assets/Models/Rocket/Particle/Particula de Fuego de Hidrogeno.prefab
  artifactKey: Guid(71ece0d82db18d340bc4ee947b6ab4f0) Importer(815301076,1909f56bfc062723c751e8b465ee728b)
Start importing Assets/Models/Rocket/Particle/Particula de Fuego de Hidrogeno.prefab using Guid(71ece0d82db18d340bc4ee947b6ab4f0) Importer(815301076,1909f56bfc062723c751e8b465ee728b)  -> (artifact id: '8801addb1d0d60507250c29ddf9f0b60') in 0.017899 seconds 
  Import took 0.024206 seconds .

========================================================================
Received Import Request.
  Time since last request: 2.863150 seconds.
  path: Assets/Models/Rocket/Particle/Particula de Fuego de Hidrogeno.prefab
  artifactKey: Guid(71ece0d82db18d340bc4ee947b6ab4f0) Importer(815301076,1909f56bfc062723c751e8b465ee728b)
Start importing Assets/Models/Rocket/Particle/Particula de Fuego de Hidrogeno.prefab using Guid(71ece0d82db18d340bc4ee947b6ab4f0) Importer(815301076,1909f56bfc062723c751e8b465ee728b)  -> (artifact id: 'b8055b0d947df76892af7fc5159263ae') in 0.019117 seconds 
  Import took 0.025846 seconds .

========================================================================
Received Import Request.
  Time since last request: 1.611231 seconds.
  path: Assets/Models/Rocket/Particle/Particula de Fuego de Hidrogeno.prefab
  artifactKey: Guid(71ece0d82db18d340bc4ee947b6ab4f0) Importer(815301076,1909f56bfc062723c751e8b465ee728b)
Start importing Assets/Models/Rocket/Particle/Particula de Fuego de Hidrogeno.prefab using Guid(71ece0d82db18d340bc4ee947b6ab4f0) Importer(815301076,1909f56bfc062723c751e8b465ee728b)  -> (artifact id: 'ed3e842dd158b21e1afe65f693a99a08') in 0.021926 seconds 
  Import took 0.029171 seconds .

========================================================================
Received Import Request.
  Time since last request: 3.369358 seconds.
  path: Assets/Models/Rocket/Particle/Particula de Fuego de Hidrogeno.prefab
  artifactKey: Guid(71ece0d82db18d340bc4ee947b6ab4f0) Importer(815301076,1909f56bfc062723c751e8b465ee728b)
Start importing Assets/Models/Rocket/Particle/Particula de Fuego de Hidrogeno.prefab using Guid(71ece0d82db18d340bc4ee947b6ab4f0) Importer(815301076,1909f56bfc062723c751e8b465ee728b)  -> (artifact id: '9ea7dda184401fbbe7991afb50053796') in 0.020606 seconds 
  Import took 0.027084 seconds .

========================================================================
Received Import Request.
  Time since last request: 2.194809 seconds.
  path: Assets/Models/Rocket/Particle/Particula de Fuego de Hidrogeno.prefab
  artifactKey: Guid(71ece0d82db18d340bc4ee947b6ab4f0) Importer(815301076,1909f56bfc062723c751e8b465ee728b)
Start importing Assets/Models/Rocket/Particle/Particula de Fuego de Hidrogeno.prefab using Guid(71ece0d82db18d340bc4ee947b6ab4f0) Importer(815301076,1909f56bfc062723c751e8b465ee728b)  -> (artifact id: '59c660d8e9c65b9550c82551c55f725e') in 0.021586 seconds 
  Import took 0.029752 seconds .

========================================================================
Received Import Request.
  Time since last request: 6.657956 seconds.
  path: Assets/Models/Rocket/Particle/Particula de Fuego de Hidrogeno.prefab
  artifactKey: Guid(71ece0d82db18d340bc4ee947b6ab4f0) Importer(815301076,1909f56bfc062723c751e8b465ee728b)
Start importing Assets/Models/Rocket/Particle/Particula de Fuego de Hidrogeno.prefab using Guid(71ece0d82db18d340bc4ee947b6ab4f0) Importer(815301076,1909f56bfc062723c751e8b465ee728b)  -> (artifact id: '95cdddd6c0e4d1767fb20947427e24d5') in 0.022845 seconds 
  Import took 0.030318 seconds .

========================================================================
Received Import Request.
  Time since last request: 16.012577 seconds.
  path: Assets/Models/Rocket/Particle/Particula de Fuego de Hidrogeno.prefab
  artifactKey: Guid(71ece0d82db18d340bc4ee947b6ab4f0) Importer(815301076,1909f56bfc062723c751e8b465ee728b)
Start importing Assets/Models/Rocket/Particle/Particula de Fuego de Hidrogeno.prefab using Guid(71ece0d82db18d340bc4ee947b6ab4f0) Importer(815301076,1909f56bfc062723c751e8b465ee728b)  -> (artifact id: 'f7a7ec9885bb866241efdf323d335d7f') in 0.017042 seconds 
  Import took 0.031718 seconds .

========================================================================
Received Import Request.
  Time since last request: 14.973644 seconds.
  path: Assets/Models/Rocket/Particle/Particula de Fuego de Hidrogeno.prefab
  artifactKey: Guid(71ece0d82db18d340bc4ee947b6ab4f0) Importer(815301076,1909f56bfc062723c751e8b465ee728b)
Start importing Assets/Models/Rocket/Particle/Particula de Fuego de Hidrogeno.prefab using Guid(71ece0d82db18d340bc4ee947b6ab4f0) Importer(815301076,1909f56bfc062723c751e8b465ee728b)  -> (artifact id: 'c0f07049e5bb441942eeca0b2d60a4ef') in 0.023065 seconds 
  Import took 0.031250 seconds .

========================================================================
Received Import Request.
  Time since last request: 7.155139 seconds.
  path: Assets/Models/Rocket/Particle/Particula de Fuego de Hidrogeno.prefab
  artifactKey: Guid(71ece0d82db18d340bc4ee947b6ab4f0) Importer(815301076,1909f56bfc062723c751e8b465ee728b)
Start importing Assets/Models/Rocket/Particle/Particula de Fuego de Hidrogeno.prefab using Guid(71ece0d82db18d340bc4ee947b6ab4f0) Importer(815301076,1909f56bfc062723c751e8b465ee728b)  -> (artifact id: 'e9b0e4e785e0641f135e8b8921c69c4e') in 0.025667 seconds 
  Import took 0.037515 seconds .

========================================================================
Received Import Request.
  Time since last request: 1.596363 seconds.
  path: Assets/Models/Rocket/Particle/Particula de Fuego de Hidrogeno.prefab
  artifactKey: Guid(71ece0d82db18d340bc4ee947b6ab4f0) Importer(815301076,1909f56bfc062723c751e8b465ee728b)
Start importing Assets/Models/Rocket/Particle/Particula de Fuego de Hidrogeno.prefab using Guid(71ece0d82db18d340bc4ee947b6ab4f0) Importer(815301076,1909f56bfc062723c751e8b465ee728b)  -> (artifact id: '0534366467a98117b4b32d79a9ad0a37') in 0.022550 seconds 
  Import took 0.028632 seconds .

========================================================================
Received Import Request.
  Time since last request: 4.643719 seconds.
  path: Assets/Models/Rocket/Particle/Particula de Fuego de Hidrogeno.prefab
  artifactKey: Guid(71ece0d82db18d340bc4ee947b6ab4f0) Importer(815301076,1909f56bfc062723c751e8b465ee728b)
Start importing Assets/Models/Rocket/Particle/Particula de Fuego de Hidrogeno.prefab using Guid(71ece0d82db18d340bc4ee947b6ab4f0) Importer(815301076,1909f56bfc062723c751e8b465ee728b)  -> (artifact id: 'c668efb9b8f7f04cb190300d7084f61e') in 0.025085 seconds 
  Import took 0.033704 seconds .

========================================================================
Received Import Request.
  Time since last request: 13.358546 seconds.
  path: Assets/Models/Rocket/Particle/Particula de Fuego de Hidrogeno.prefab
  artifactKey: Guid(71ece0d82db18d340bc4ee947b6ab4f0) Importer(815301076,1909f56bfc062723c751e8b465ee728b)
Start importing Assets/Models/Rocket/Particle/Particula de Fuego de Hidrogeno.prefab using Guid(71ece0d82db18d340bc4ee947b6ab4f0) Importer(815301076,1909f56bfc062723c751e8b465ee728b)  -> (artifact id: '1b50fb74fe4bdc0c890e46181fc5b70e') in 0.018794 seconds 
  Import took 0.029342 seconds .

========================================================================
Received Import Request.
  Time since last request: 9.942012 seconds.
  path: Assets/Models/Rocket/Particle/Particula de Fuego de Hidrogeno.prefab
  artifactKey: Guid(71ece0d82db18d340bc4ee947b6ab4f0) Importer(815301076,1909f56bfc062723c751e8b465ee728b)
Start importing Assets/Models/Rocket/Particle/Particula de Fuego de Hidrogeno.prefab using Guid(71ece0d82db18d340bc4ee947b6ab4f0) Importer(815301076,1909f56bfc062723c751e8b465ee728b)  -> (artifact id: '14bd7203828076ff30df747e024d44cd') in 0.021045 seconds 
  Import took 0.027821 seconds .

========================================================================
Received Import Request.
  Time since last request: 6.153744 seconds.
  path: Assets/Models/Rocket/Particle/Particula de Fuego de Hidrogeno.prefab
  artifactKey: Guid(71ece0d82db18d340bc4ee947b6ab4f0) Importer(815301076,1909f56bfc062723c751e8b465ee728b)
Start importing Assets/Models/Rocket/Particle/Particula de Fuego de Hidrogeno.prefab using Guid(71ece0d82db18d340bc4ee947b6ab4f0) Importer(815301076,1909f56bfc062723c751e8b465ee728b)  -> (artifact id: 'c714a0253b6f98a3b6a632f21a6b5a27') in 0.020178 seconds 
  Import took 0.029191 seconds .

========================================================================
Received Import Request.
  Time since last request: 2.578242 seconds.
  path: Assets/Models/Rocket/Particle/Particula de Fuego de Hidrogeno.prefab
  artifactKey: Guid(71ece0d82db18d340bc4ee947b6ab4f0) Importer(815301076,1909f56bfc062723c751e8b465ee728b)
Start importing Assets/Models/Rocket/Particle/Particula de Fuego de Hidrogeno.prefab using Guid(71ece0d82db18d340bc4ee947b6ab4f0) Importer(815301076,1909f56bfc062723c751e8b465ee728b)  -> (artifact id: '099b5ff84060d639988782fad1af392b') in 0.029890 seconds 
  Import took 0.037415 seconds .

========================================================================
Received Import Request.
  Time since last request: 4.059884 seconds.
  path: Assets/Models/Rocket/Particle/Particula de Fuego de Hidrogeno.prefab
  artifactKey: Guid(71ece0d82db18d340bc4ee947b6ab4f0) Importer(815301076,1909f56bfc062723c751e8b465ee728b)
Start importing Assets/Models/Rocket/Particle/Particula de Fuego de Hidrogeno.prefab using Guid(71ece0d82db18d340bc4ee947b6ab4f0) Importer(815301076,1909f56bfc062723c751e8b465ee728b)  -> (artifact id: '34ee75c666668a95605fecb7df18e215') in 0.017060 seconds 
  Import took 0.023435 seconds .

========================================================================
Received Import Request.
  Time since last request: 2.400328 seconds.
  path: Assets/Models/Rocket/Particle/Particula de Fuego de Hidrogeno.prefab
  artifactKey: Guid(71ece0d82db18d340bc4ee947b6ab4f0) Importer(815301076,1909f56bfc062723c751e8b465ee728b)
Start importing Assets/Models/Rocket/Particle/Particula de Fuego de Hidrogeno.prefab using Guid(71ece0d82db18d340bc4ee947b6ab4f0) Importer(815301076,1909f56bfc062723c751e8b465ee728b)  -> (artifact id: '3733ee6f42e23dfeb97a1136a5572de4') in 0.022527 seconds 
  Import took 0.029880 seconds .

========================================================================
Received Import Request.
  Time since last request: 4.282708 seconds.
  path: Assets/Models/Rocket/Particle/Particula de Fuego de Hidrogeno.prefab
  artifactKey: Guid(71ece0d82db18d340bc4ee947b6ab4f0) Importer(815301076,1909f56bfc062723c751e8b465ee728b)
Start importing Assets/Models/Rocket/Particle/Particula de Fuego de Hidrogeno.prefab using Guid(71ece0d82db18d340bc4ee947b6ab4f0) Importer(815301076,1909f56bfc062723c751e8b465ee728b)  -> (artifact id: '6c59cbb563af337e6aab16e99ab09fb6') in 0.021225 seconds 
  Import took 0.030056 seconds .

========================================================================
Received Import Request.
  Time since last request: 3.866097 seconds.
  path: Assets/Models/Rocket/Particle/Particula de Fuego de Hidrogeno.prefab
  artifactKey: Guid(71ece0d82db18d340bc4ee947b6ab4f0) Importer(815301076,1909f56bfc062723c751e8b465ee728b)
Start importing Assets/Models/Rocket/Particle/Particula de Fuego de Hidrogeno.prefab using Guid(71ece0d82db18d340bc4ee947b6ab4f0) Importer(815301076,1909f56bfc062723c751e8b465ee728b)  -> (artifact id: '840f9f09fdd28ef0089455fe8f94de3d') in 0.019463 seconds 
  Import took 0.026104 seconds .

========================================================================
Received Import Request.
  Time since last request: 15.171821 seconds.
  path: Assets/Models/Rocket/Particle/particleimg1.png
  artifactKey: Guid(bdd5d30044a1a314d99ea670b36c3e6d) Importer(815301076,1909f56bfc062723c751e8b465ee728b)
Start importing Assets/Models/Rocket/Particle/particleimg1.png using Guid(bdd5d30044a1a314d99ea670b36c3e6d) Importer(815301076,1909f56bfc062723c751e8b465ee728b)  -> (artifact id: 'fe664fa65eb809814fb967a95ee6c9de') in 0.057176 seconds 
  Import took 0.062951 seconds .

========================================================================
Received Import Request.
  Time since last request: 27.416379 seconds.
  path: Assets/Models/Rocket/Particle/Particula de Fuego de Hidrogeno.prefab
  artifactKey: Guid(71ece0d82db18d340bc4ee947b6ab4f0) Importer(815301076,1909f56bfc062723c751e8b465ee728b)
Start importing Assets/Models/Rocket/Particle/Particula de Fuego de Hidrogeno.prefab using Guid(71ece0d82db18d340bc4ee947b6ab4f0) Importer(815301076,1909f56bfc062723c751e8b465ee728b)  -> (artifact id: 'e3e7e6ea45d225931a1d729d5becba86') in 0.021729 seconds 
  Import took 0.031391 seconds .

========================================================================
Received Import Request.
  Time since last request: 4.814379 seconds.
  path: Assets/Models/Rocket/Particle/Particula de Fuego de Hidrogeno.prefab
  artifactKey: Guid(71ece0d82db18d340bc4ee947b6ab4f0) Importer(815301076,1909f56bfc062723c751e8b465ee728b)
Start importing Assets/Models/Rocket/Particle/Particula de Fuego de Hidrogeno.prefab using Guid(71ece0d82db18d340bc4ee947b6ab4f0) Importer(815301076,1909f56bfc062723c751e8b465ee728b)  -> (artifact id: 'f5fafda508bc76c4c898b043895d9ea3') in 0.024529 seconds 
  Import took 0.032211 seconds .

========================================================================
Received Import Request.
  Time since last request: 49.507133 seconds.
  path: Assets/Models/Rocket/Particle/Particula de Fuego de Hidrogeno.prefab
  artifactKey: Guid(71ece0d82db18d340bc4ee947b6ab4f0) Importer(815301076,1909f56bfc062723c751e8b465ee728b)
Start importing Assets/Models/Rocket/Particle/Particula de Fuego de Hidrogeno.prefab using Guid(71ece0d82db18d340bc4ee947b6ab4f0) Importer(815301076,1909f56bfc062723c751e8b465ee728b)  -> (artifact id: 'a1189eb77bd8396a9888d0534e3baec6') in 0.023406 seconds 
  Import took 0.035667 seconds .

========================================================================
Received Import Request.
  Time since last request: 3.554626 seconds.
  path: Assets/Models/Rocket/Particle/Particula de Fuego de Hidrogeno.prefab
  artifactKey: Guid(71ece0d82db18d340bc4ee947b6ab4f0) Importer(815301076,1909f56bfc062723c751e8b465ee728b)
Start importing Assets/Models/Rocket/Particle/Particula de Fuego de Hidrogeno.prefab using Guid(71ece0d82db18d340bc4ee947b6ab4f0) Importer(815301076,1909f56bfc062723c751e8b465ee728b)  -> (artifact id: 'e2043df229e2f1722bc88d86b55c5d6b') in 0.017326 seconds 
  Import took 0.026397 seconds .

========================================================================
Received Prepare
Registering precompiled user dll's ...
Registered in 0.007218 seconds.
Begin MonoManager ReloadAssembly
Native extension for WindowsStandalone target not found
Native extension for WebGL target not found
Refreshing native plugins compatible for Editor in 0.70 ms, found 2 plugins.
Preloading 0 native plugins for Editor in 0.00 ms.
Mono: successfully reloaded assembly
- Completed reload, in  1.602 seconds
Domain Reload Profiling:
	ReloadAssembly (1603ms)
		BeginReloadAssembly (194ms)
			ExecutionOrderSort (0ms)
			DisableScriptedObjects (11ms)
			BackupInstance (0ms)
			ReleaseScriptingObjects (0ms)
			CreateAndSetChildDomain (72ms)
		EndReloadAssembly (1321ms)
			LoadAssemblies (134ms)
			RebuildTransferFunctionScriptingTraits (0ms)
			SetupTypeCache (470ms)
			ReleaseScriptCaches (2ms)
			RebuildScriptCaches (57ms)
			SetupLoadedEditorAssemblies (458ms)
				LogAssemblyErrors (0ms)
				InitializePlatformSupportModulesInManaged (10ms)
				SetLoadedEditorAssemblies (1ms)
				RefreshPlugins (1ms)
				BeforeProcessingInitializeOnLoad (130ms)
				ProcessInitializeOnLoadAttributes (293ms)
				ProcessInitializeOnLoadMethodAttributes (10ms)
				AfterProcessingInitializeOnLoad (13ms)
				EditorAssembliesLoaded (0ms)
			ExecutionOrderSort2 (0ms)
			AwakeInstancesAfterBackupRestoration (25ms)
Platform modules already initialized, skipping
Refreshing native plugins compatible for Editor in 0.59 ms, found 2 plugins.
Preloading 0 native plugins for Editor in 0.00 ms.
Unloading 2882 Unused Serialized files (Serialized files now loaded: 0)
System memory in use before: 149.9 MB.
System memory in use after: 150.1 MB.

Unloading 17 unused Assets to reduce memory usage. Loaded Objects now: 3531.
Total: 3.834200 ms (FindLiveObjects: 0.270000 ms CreateObjectMapping: 0.160200 ms MarkObjects: 3.329500 ms  DeleteObjects: 0.073300 ms)

AssetImportParameters requested are different than current active one (requested -> active):
  custom:framework-win-MediaFoundation: 216162199b28c13a410421893ffa2e32 -> 
  custom:video-decoder-ogg-theora: a1e56fd34408186e4bbccfd4996cb3dc -> 
  custom:container-muxer-webm: aa71ff27fc2769a1b78a27578f13a17b -> 
  custom:container-demuxer-webm: 4f35f7cbe854078d1ac9338744f61a02 -> 
  custom:container-demuxer-ogg: 62fdf1f143b41e24485cea50d1cbac27 -> 
  custom:video-encoder-webm-vp8: eb34c28f22e8b96e1ab97ce403110664 -> 
  custom:video-decoder-webm-vp8: 9c59270c3fd7afecdb556c50c9e8de78 -> 
  custom:audio-decoder-ogg-vorbis: bf7c407c2cedff20999df2af8eb42d56 -> 
  custom:audio-encoder-webm-vorbis: bf7c407c2cedff20999df2af8eb42d56 -> 
========================================================================
Received Import Request.
  Time since last request: 20.823503 seconds.
  path: Assets/Models/Rocket/Particle/Particula de Fuego de Hidrogeno.prefab
  artifactKey: Guid(71ece0d82db18d340bc4ee947b6ab4f0) Importer(815301076,1909f56bfc062723c751e8b465ee728b)
Start importing Assets/Models/Rocket/Particle/Particula de Fuego de Hidrogeno.prefab using Guid(71ece0d82db18d340bc4ee947b6ab4f0) Importer(815301076,1909f56bfc062723c751e8b465ee728b)  -> (artifact id: 'c0ade2462b7da2362bfec698f7f20e2b') in 0.209339 seconds 
  Import took 0.215140 seconds .

========================================================================
Received Prepare
Registering precompiled user dll's ...
Registered in 0.007707 seconds.
Begin MonoManager ReloadAssembly
Native extension for WindowsStandalone target not found
Native extension for WebGL target not found
Refreshing native plugins compatible for Editor in 0.55 ms, found 2 plugins.
Preloading 0 native plugins for Editor in 0.00 ms.
Mono: successfully reloaded assembly
- Completed reload, in  1.375 seconds
Domain Reload Profiling:
	ReloadAssembly (1375ms)
		BeginReloadAssembly (144ms)
			ExecutionOrderSort (0ms)
			DisableScriptedObjects (8ms)
			BackupInstance (0ms)
			ReleaseScriptingObjects (0ms)
			CreateAndSetChildDomain (44ms)
		EndReloadAssembly (1154ms)
			LoadAssemblies (128ms)
			RebuildTransferFunctionScriptingTraits (0ms)
			SetupTypeCache (379ms)
			ReleaseScriptCaches (1ms)
			RebuildScriptCaches (72ms)
			SetupLoadedEditorAssemblies (399ms)
				LogAssemblyErrors (0ms)
				InitializePlatformSupportModulesInManaged (7ms)
				SetLoadedEditorAssemblies (1ms)
				RefreshPlugins (1ms)
				BeforeProcessingInitializeOnLoad (114ms)
				ProcessInitializeOnLoadAttributes (253ms)
				ProcessInitializeOnLoadMethodAttributes (11ms)
				AfterProcessingInitializeOnLoad (11ms)
				EditorAssembliesLoaded (0ms)
			ExecutionOrderSort2 (0ms)
			AwakeInstancesAfterBackupRestoration (19ms)
Platform modules already initialized, skipping
Refreshing native plugins compatible for Editor in 0.56 ms, found 2 plugins.
Preloading 0 native plugins for Editor in 0.00 ms.
Unloading 2882 Unused Serialized files (Serialized files now loaded: 0)
System memory in use before: 150.1 MB.
System memory in use after: 150.3 MB.

Unloading 16 unused Assets to reduce memory usage. Loaded Objects now: 3569.
Total: 4.118400 ms (FindLiveObjects: 0.379300 ms CreateObjectMapping: 0.251400 ms MarkObjects: 3.449900 ms  DeleteObjects: 0.036600 ms)

AssetImportParameters requested are different than current active one (requested -> active):
  custom:framework-win-MediaFoundation: 216162199b28c13a410421893ffa2e32 -> 
  custom:video-decoder-ogg-theora: a1e56fd34408186e4bbccfd4996cb3dc -> 
  custom:container-muxer-webm: aa71ff27fc2769a1b78a27578f13a17b -> 
  custom:container-demuxer-webm: 4f35f7cbe854078d1ac9338744f61a02 -> 
  custom:container-demuxer-ogg: 62fdf1f143b41e24485cea50d1cbac27 -> 
  custom:video-encoder-webm-vp8: eb34c28f22e8b96e1ab97ce403110664 -> 
  custom:video-decoder-webm-vp8: 9c59270c3fd7afecdb556c50c9e8de78 -> 
  custom:audio-decoder-ogg-vorbis: bf7c407c2cedff20999df2af8eb42d56 -> 
  custom:audio-encoder-webm-vorbis: bf7c407c2cedff20999df2af8eb42d56 -> 
========================================================================
Received Prepare
Registering precompiled user dll's ...
Registered in 0.006054 seconds.
Begin MonoManager ReloadAssembly
Native extension for WindowsStandalone target not found
Native extension for WebGL target not found
Refreshing native plugins compatible for Editor in 1.14 ms, found 2 plugins.
Preloading 0 native plugins for Editor in 0.00 ms.
Mono: successfully reloaded assembly
- Completed reload, in  1.652 seconds
Domain Reload Profiling:
	ReloadAssembly (1656ms)
		BeginReloadAssembly (207ms)
			ExecutionOrderSort (0ms)
			DisableScriptedObjects (37ms)
			BackupInstance (0ms)
			ReleaseScriptingObjects (0ms)
			CreateAndSetChildDomain (45ms)
		EndReloadAssembly (1362ms)
			LoadAssemblies (144ms)
			RebuildTransferFunctionScriptingTraits (0ms)
			SetupTypeCache (401ms)
			ReleaseScriptCaches (1ms)
			RebuildScriptCaches (57ms)
			SetupLoadedEditorAssemblies (572ms)
				LogAssemblyErrors (0ms)
				InitializePlatformSupportModulesInManaged (9ms)
				SetLoadedEditorAssemblies (1ms)
				RefreshPlugins (1ms)
				BeforeProcessingInitializeOnLoad (264ms)
				ProcessInitializeOnLoadAttributes (274ms)
				ProcessInitializeOnLoadMethodAttributes (10ms)
				AfterProcessingInitializeOnLoad (12ms)
				EditorAssembliesLoaded (0ms)
			ExecutionOrderSort2 (0ms)
			AwakeInstancesAfterBackupRestoration (20ms)
Platform modules already initialized, skipping
Refreshing native plugins compatible for Editor in 0.67 ms, found 2 plugins.
Preloading 0 native plugins for Editor in 0.00 ms.
Unloading 2882 Unused Serialized files (Serialized files now loaded: 0)
System memory in use before: 150.1 MB.
System memory in use after: 150.3 MB.

Unloading 16 unused Assets to reduce memory usage. Loaded Objects now: 3571.
Total: 3.663700 ms (FindLiveObjects: 0.414400 ms CreateObjectMapping: 0.212600 ms MarkObjects: 3.013600 ms  DeleteObjects: 0.022100 ms)

AssetImportParameters requested are different than current active one (requested -> active):
  custom:framework-win-MediaFoundation: 216162199b28c13a410421893ffa2e32 -> 
  custom:video-decoder-ogg-theora: a1e56fd34408186e4bbccfd4996cb3dc -> 
  custom:container-muxer-webm: aa71ff27fc2769a1b78a27578f13a17b -> 
  custom:container-demuxer-webm: 4f35f7cbe854078d1ac9338744f61a02 -> 
  custom:container-demuxer-ogg: 62fdf1f143b41e24485cea50d1cbac27 -> 
  custom:video-encoder-webm-vp8: eb34c28f22e8b96e1ab97ce403110664 -> 
  custom:video-decoder-webm-vp8: 9c59270c3fd7afecdb556c50c9e8de78 -> 
  custom:audio-decoder-ogg-vorbis: bf7c407c2cedff20999df2af8eb42d56 -> 
  custom:audio-encoder-webm-vorbis: bf7c407c2cedff20999df2af8eb42d56 -> 
========================================================================
Received Prepare
Registering precompiled user dll's ...
Registered in 0.006134 seconds.
Begin MonoManager ReloadAssembly
Native extension for WindowsStandalone target not found
Native extension for WebGL target not found
Refreshing native plugins compatible for Editor in 0.59 ms, found 2 plugins.
Preloading 0 native plugins for Editor in 0.00 ms.
Mono: successfully reloaded assembly
- Completed reload, in  1.726 seconds
Domain Reload Profiling:
	ReloadAssembly (1726ms)
		BeginReloadAssembly (142ms)
			ExecutionOrderSort (0ms)
			DisableScriptedObjects (5ms)
			BackupInstance (0ms)
			ReleaseScriptingObjects (0ms)
			CreateAndSetChildDomain (39ms)
		EndReloadAssembly (1489ms)
			LoadAssemblies (139ms)
			RebuildTransferFunctionScriptingTraits (0ms)
			SetupTypeCache (519ms)
			ReleaseScriptCaches (2ms)
			RebuildScriptCaches (67ms)
			SetupLoadedEditorAssemblies (531ms)
				LogAssemblyErrors (0ms)
				InitializePlatformSupportModulesInManaged (6ms)
				SetLoadedEditorAssemblies (1ms)
				RefreshPlugins (1ms)
				BeforeProcessingInitializeOnLoad (191ms)
				ProcessInitializeOnLoadAttributes (302ms)
				ProcessInitializeOnLoadMethodAttributes (13ms)
				AfterProcessingInitializeOnLoad (17ms)
				EditorAssembliesLoaded (0ms)
			ExecutionOrderSort2 (0ms)
			AwakeInstancesAfterBackupRestoration (20ms)
Platform modules already initialized, skipping
Refreshing native plugins compatible for Editor in 0.67 ms, found 2 plugins.
Preloading 0 native plugins for Editor in 0.00 ms.
Unloading 2882 Unused Serialized files (Serialized files now loaded: 0)
System memory in use before: 150.1 MB.
System memory in use after: 150.3 MB.

Unloading 16 unused Assets to reduce memory usage. Loaded Objects now: 3573.
Total: 4.264800 ms (FindLiveObjects: 0.362800 ms CreateObjectMapping: 0.315800 ms MarkObjects: 3.558700 ms  DeleteObjects: 0.025800 ms)

AssetImportParameters requested are different than current active one (requested -> active):
  custom:framework-win-MediaFoundation: 216162199b28c13a410421893ffa2e32 -> 
  custom:video-decoder-ogg-theora: a1e56fd34408186e4bbccfd4996cb3dc -> 
  custom:container-muxer-webm: aa71ff27fc2769a1b78a27578f13a17b -> 
  custom:container-demuxer-webm: 4f35f7cbe854078d1ac9338744f61a02 -> 
  custom:container-demuxer-ogg: 62fdf1f143b41e24485cea50d1cbac27 -> 
  custom:video-encoder-webm-vp8: eb34c28f22e8b96e1ab97ce403110664 -> 
  custom:video-decoder-webm-vp8: 9c59270c3fd7afecdb556c50c9e8de78 -> 
  custom:audio-decoder-ogg-vorbis: bf7c407c2cedff20999df2af8eb42d56 -> 
  custom:audio-encoder-webm-vorbis: bf7c407c2cedff20999df2af8eb42d56 -> 
========================================================================
Received Prepare
Registering precompiled user dll's ...
Registered in 0.005875 seconds.
Begin MonoManager ReloadAssembly
Native extension for WindowsStandalone target not found
Native extension for WebGL target not found
Refreshing native plugins compatible for Editor in 0.54 ms, found 2 plugins.
Preloading 0 native plugins for Editor in 0.00 ms.
Mono: successfully reloaded assembly
- Completed reload, in  1.579 seconds
Domain Reload Profiling:
	ReloadAssembly (1580ms)
		BeginReloadAssembly (151ms)
			ExecutionOrderSort (0ms)
			DisableScriptedObjects (5ms)
			BackupInstance (0ms)
			ReleaseScriptingObjects (0ms)
			CreateAndSetChildDomain (45ms)
		EndReloadAssembly (1336ms)
			LoadAssemblies (191ms)
			RebuildTransferFunctionScriptingTraits (0ms)
			SetupTypeCache (457ms)
			ReleaseScriptCaches (2ms)
			RebuildScriptCaches (53ms)
			SetupLoadedEditorAssemblies (398ms)
				LogAssemblyErrors (0ms)
				InitializePlatformSupportModulesInManaged (6ms)
				SetLoadedEditorAssemblies (1ms)
				RefreshPlugins (1ms)
				BeforeProcessingInitializeOnLoad (118ms)
				ProcessInitializeOnLoadAttributes (243ms)
				ProcessInitializeOnLoadMethodAttributes (13ms)
				AfterProcessingInitializeOnLoad (16ms)
				EditorAssembliesLoaded (0ms)
			ExecutionOrderSort2 (0ms)
			AwakeInstancesAfterBackupRestoration (50ms)
Platform modules already initialized, skipping
Refreshing native plugins compatible for Editor in 0.56 ms, found 2 plugins.
Preloading 0 native plugins for Editor in 0.00 ms.
Unloading 2882 Unused Serialized files (Serialized files now loaded: 0)
System memory in use before: 150.1 MB.
System memory in use after: 150.4 MB.

Unloading 16 unused Assets to reduce memory usage. Loaded Objects now: 3575.
Total: 3.692500 ms (FindLiveObjects: 0.262400 ms CreateObjectMapping: 0.165900 ms MarkObjects: 3.210900 ms  DeleteObjects: 0.052300 ms)

AssetImportParameters requested are different than current active one (requested -> active):
  custom:framework-win-MediaFoundation: 216162199b28c13a410421893ffa2e32 -> 
  custom:video-decoder-ogg-theora: a1e56fd34408186e4bbccfd4996cb3dc -> 
  custom:container-muxer-webm: aa71ff27fc2769a1b78a27578f13a17b -> 
  custom:container-demuxer-webm: 4f35f7cbe854078d1ac9338744f61a02 -> 
  custom:container-demuxer-ogg: 62fdf1f143b41e24485cea50d1cbac27 -> 
  custom:video-encoder-webm-vp8: eb34c28f22e8b96e1ab97ce403110664 -> 
  custom:video-decoder-webm-vp8: 9c59270c3fd7afecdb556c50c9e8de78 -> 
  custom:audio-decoder-ogg-vorbis: bf7c407c2cedff20999df2af8eb42d56 -> 
  custom:audio-encoder-webm-vorbis: bf7c407c2cedff20999df2af8eb42d56 -> 
========================================================================
Received Prepare
Registering precompiled user dll's ...
Registered in 0.005928 seconds.
Begin MonoManager ReloadAssembly
Native extension for WindowsStandalone target not found
Native extension for WebGL target not found
Refreshing native plugins compatible for Editor in 0.53 ms, found 2 plugins.
Preloading 0 native plugins for Editor in 0.00 ms.
Mono: successfully reloaded assembly
- Completed reload, in  1.652 seconds
Domain Reload Profiling:
	ReloadAssembly (1652ms)
		BeginReloadAssembly (180ms)
			ExecutionOrderSort (0ms)
			DisableScriptedObjects (6ms)
			BackupInstance (0ms)
			ReleaseScriptingObjects (0ms)
			CreateAndSetChildDomain (52ms)
		EndReloadAssembly (1366ms)
			LoadAssemblies (167ms)
			RebuildTransferFunctionScriptingTraits (0ms)
			SetupTypeCache (417ms)
			ReleaseScriptCaches (1ms)
			RebuildScriptCaches (64ms)
			SetupLoadedEditorAssemblies (563ms)
				LogAssemblyErrors (0ms)
				InitializePlatformSupportModulesInManaged (6ms)
				SetLoadedEditorAssemblies (1ms)
				RefreshPlugins (1ms)
				BeforeProcessingInitializeOnLoad (126ms)
				ProcessInitializeOnLoadAttributes (403ms)
				ProcessInitializeOnLoadMethodAttributes (10ms)
				AfterProcessingInitializeOnLoad (16ms)
				EditorAssembliesLoaded (0ms)
			ExecutionOrderSort2 (0ms)
			AwakeInstancesAfterBackupRestoration (26ms)
Platform modules already initialized, skipping
Refreshing native plugins compatible for Editor in 1.41 ms, found 2 plugins.
Preloading 0 native plugins for Editor in 0.00 ms.
Unloading 2882 Unused Serialized files (Serialized files now loaded: 0)
System memory in use before: 150.1 MB.
System memory in use after: 150.4 MB.

Unloading 16 unused Assets to reduce memory usage. Loaded Objects now: 3577.
Total: 4.120900 ms (FindLiveObjects: 0.377400 ms CreateObjectMapping: 0.208200 ms MarkObjects: 3.506900 ms  DeleteObjects: 0.026500 ms)

AssetImportParameters requested are different than current active one (requested -> active):
  custom:framework-win-MediaFoundation: 216162199b28c13a410421893ffa2e32 -> 
  custom:video-decoder-ogg-theora: a1e56fd34408186e4bbccfd4996cb3dc -> 
  custom:container-muxer-webm: aa71ff27fc2769a1b78a27578f13a17b -> 
  custom:container-demuxer-webm: 4f35f7cbe854078d1ac9338744f61a02 -> 
  custom:container-demuxer-ogg: 62fdf1f143b41e24485cea50d1cbac27 -> 
  custom:video-encoder-webm-vp8: eb34c28f22e8b96e1ab97ce403110664 -> 
  custom:video-decoder-webm-vp8: 9c59270c3fd7afecdb556c50c9e8de78 -> 
  custom:audio-decoder-ogg-vorbis: bf7c407c2cedff20999df2af8eb42d56 -> 
  custom:audio-encoder-webm-vorbis: bf7c407c2cedff20999df2af8eb42d56 -> 
========================================================================
Received Prepare
Registering precompiled user dll's ...
Registered in 0.005767 seconds.
Begin MonoManager ReloadAssembly
Native extension for WindowsStandalone target not found
Native extension for WebGL target not found
Refreshing native plugins compatible for Editor in 0.55 ms, found 2 plugins.
Preloading 0 native plugins for Editor in 0.00 ms.
Mono: successfully reloaded assembly
- Completed reload, in  1.467 seconds
Domain Reload Profiling:
	ReloadAssembly (1468ms)
		BeginReloadAssembly (145ms)
			ExecutionOrderSort (0ms)
			DisableScriptedObjects (11ms)
			BackupInstance (0ms)
			ReleaseScriptingObjects (0ms)
			CreateAndSetChildDomain (37ms)
		EndReloadAssembly (1246ms)
			LoadAssemblies (115ms)
			RebuildTransferFunctionScriptingTraits (0ms)
			SetupTypeCache (497ms)
			ReleaseScriptCaches (1ms)
			RebuildScriptCaches (55ms)
			SetupLoadedEditorAssemblies (416ms)
				LogAssemblyErrors (0ms)
				InitializePlatformSupportModulesInManaged (7ms)
				SetLoadedEditorAssemblies (1ms)
				RefreshPlugins (1ms)
				BeforeProcessingInitializeOnLoad (117ms)
				ProcessInitializeOnLoadAttributes (268ms)
				ProcessInitializeOnLoadMethodAttributes (10ms)
				AfterProcessingInitializeOnLoad (12ms)
				EditorAssembliesLoaded (0ms)
			ExecutionOrderSort2 (0ms)
			AwakeInstancesAfterBackupRestoration (22ms)
Platform modules already initialized, skipping
Refreshing native plugins compatible for Editor in 1.42 ms, found 2 plugins.
Preloading 0 native plugins for Editor in 0.00 ms.
Unloading 2882 Unused Serialized files (Serialized files now loaded: 0)
System memory in use before: 150.1 MB.
System memory in use after: 150.4 MB.

Unloading 16 unused Assets to reduce memory usage. Loaded Objects now: 3579.
Total: 5.377500 ms (FindLiveObjects: 0.385300 ms CreateObjectMapping: 0.247900 ms MarkObjects: 4.709700 ms  DeleteObjects: 0.032400 ms)

AssetImportParameters requested are different than current active one (requested -> active):
  custom:framework-win-MediaFoundation: 216162199b28c13a410421893ffa2e32 -> 
  custom:video-decoder-ogg-theora: a1e56fd34408186e4bbccfd4996cb3dc -> 
  custom:container-muxer-webm: aa71ff27fc2769a1b78a27578f13a17b -> 
  custom:container-demuxer-webm: 4f35f7cbe854078d1ac9338744f61a02 -> 
  custom:container-demuxer-ogg: 62fdf1f143b41e24485cea50d1cbac27 -> 
  custom:video-encoder-webm-vp8: eb34c28f22e8b96e1ab97ce403110664 -> 
  custom:video-decoder-webm-vp8: 9c59270c3fd7afecdb556c50c9e8de78 -> 
  custom:audio-decoder-ogg-vorbis: bf7c407c2cedff20999df2af8eb42d56 -> 
  custom:audio-encoder-webm-vorbis: bf7c407c2cedff20999df2af8eb42d56 -> 
========================================================================
Received Prepare
Registering precompiled user dll's ...
Registered in 0.010582 seconds.
Begin MonoManager ReloadAssembly
Native extension for WindowsStandalone target not found
Native extension for WebGL target not found
Refreshing native plugins compatible for Editor in 0.55 ms, found 2 plugins.
Preloading 0 native plugins for Editor in 0.00 ms.
Mono: successfully reloaded assembly
- Completed reload, in  1.417 seconds
Domain Reload Profiling:
	ReloadAssembly (1419ms)
		BeginReloadAssembly (149ms)
			ExecutionOrderSort (0ms)
			DisableScriptedObjects (7ms)
			BackupInstance (0ms)
			ReleaseScriptingObjects (0ms)
			CreateAndSetChildDomain (39ms)
		EndReloadAssembly (1191ms)
			LoadAssemblies (146ms)
			RebuildTransferFunctionScriptingTraits (0ms)
			SetupTypeCache (396ms)
			ReleaseScriptCaches (1ms)
			RebuildScriptCaches (56ms)
			SetupLoadedEditorAssemblies (419ms)
				LogAssemblyErrors (0ms)
				InitializePlatformSupportModulesInManaged (8ms)
				SetLoadedEditorAssemblies (1ms)
				RefreshPlugins (1ms)
				BeforeProcessingInitializeOnLoad (122ms)
				ProcessInitializeOnLoadAttributes (267ms)
				ProcessInitializeOnLoadMethodAttributes (10ms)
				AfterProcessingInitializeOnLoad (11ms)
				EditorAssembliesLoaded (0ms)
			ExecutionOrderSort2 (0ms)
			AwakeInstancesAfterBackupRestoration (20ms)
Platform modules already initialized, skipping
Refreshing native plugins compatible for Editor in 0.66 ms, found 2 plugins.
Preloading 0 native plugins for Editor in 0.00 ms.
Unloading 2882 Unused Serialized files (Serialized files now loaded: 0)
System memory in use before: 150.1 MB.
System memory in use after: 150.4 MB.

Unloading 16 unused Assets to reduce memory usage. Loaded Objects now: 3581.
Total: 4.527100 ms (FindLiveObjects: 0.282000 ms CreateObjectMapping: 0.178200 ms MarkObjects: 4.038100 ms  DeleteObjects: 0.027500 ms)

AssetImportParameters requested are different than current active one (requested -> active):
  custom:framework-win-MediaFoundation: 216162199b28c13a410421893ffa2e32 -> 
  custom:video-decoder-ogg-theora: a1e56fd34408186e4bbccfd4996cb3dc -> 
  custom:container-muxer-webm: aa71ff27fc2769a1b78a27578f13a17b -> 
  custom:container-demuxer-webm: 4f35f7cbe854078d1ac9338744f61a02 -> 
  custom:container-demuxer-ogg: 62fdf1f143b41e24485cea50d1cbac27 -> 
  custom:video-encoder-webm-vp8: eb34c28f22e8b96e1ab97ce403110664 -> 
  custom:video-decoder-webm-vp8: 9c59270c3fd7afecdb556c50c9e8de78 -> 
  custom:audio-decoder-ogg-vorbis: bf7c407c2cedff20999df2af8eb42d56 -> 
  custom:audio-encoder-webm-vorbis: bf7c407c2cedff20999df2af8eb42d56 -> 
========================================================================
Received Prepare
Registering precompiled user dll's ...
Registered in 0.005830 seconds.
Begin MonoManager ReloadAssembly
Native extension for WindowsStandalone target not found
Native extension for WebGL target not found
Refreshing native plugins compatible for Editor in 0.55 ms, found 2 plugins.
Preloading 0 native plugins for Editor in 0.00 ms.
Mono: successfully reloaded assembly
- Completed reload, in  1.599 seconds
Domain Reload Profiling:
	ReloadAssembly (1600ms)
		BeginReloadAssembly (155ms)
			ExecutionOrderSort (0ms)
			DisableScriptedObjects (6ms)
			BackupInstance (0ms)
			ReleaseScriptingObjects (0ms)
			CreateAndSetChildDomain (42ms)
		EndReloadAssembly (1362ms)
			LoadAssemblies (116ms)
			RebuildTransferFunctionScriptingTraits (0ms)
			SetupTypeCache (536ms)
			ReleaseScriptCaches (2ms)
			RebuildScriptCaches (69ms)
			SetupLoadedEditorAssemblies (452ms)
				LogAssemblyErrors (0ms)
				InitializePlatformSupportModulesInManaged (6ms)
				SetLoadedEditorAssemblies (1ms)
				RefreshPlugins (1ms)
				BeforeProcessingInitializeOnLoad (114ms)
				ProcessInitializeOnLoadAttributes (305ms)
				ProcessInitializeOnLoadMethodAttributes (12ms)
				AfterProcessingInitializeOnLoad (13ms)
				EditorAssembliesLoaded (0ms)
			ExecutionOrderSort2 (0ms)
			AwakeInstancesAfterBackupRestoration (20ms)
Platform modules already initialized, skipping
Refreshing native plugins compatible for Editor in 0.55 ms, found 2 plugins.
Preloading 0 native plugins for Editor in 0.00 ms.
Unloading 2882 Unused Serialized files (Serialized files now loaded: 0)
System memory in use before: 150.1 MB.
System memory in use after: 150.4 MB.

Unloading 16 unused Assets to reduce memory usage. Loaded Objects now: 3583.
Total: 4.545400 ms (FindLiveObjects: 0.368100 ms CreateObjectMapping: 0.331200 ms MarkObjects: 3.807300 ms  DeleteObjects: 0.037400 ms)

AssetImportParameters requested are different than current active one (requested -> active):
  custom:framework-win-MediaFoundation: 216162199b28c13a410421893ffa2e32 -> 
  custom:video-decoder-ogg-theora: a1e56fd34408186e4bbccfd4996cb3dc -> 
  custom:container-muxer-webm: aa71ff27fc2769a1b78a27578f13a17b -> 
  custom:container-demuxer-webm: 4f35f7cbe854078d1ac9338744f61a02 -> 
  custom:container-demuxer-ogg: 62fdf1f143b41e24485cea50d1cbac27 -> 
  custom:video-encoder-webm-vp8: eb34c28f22e8b96e1ab97ce403110664 -> 
  custom:video-decoder-webm-vp8: 9c59270c3fd7afecdb556c50c9e8de78 -> 
  custom:audio-decoder-ogg-vorbis: bf7c407c2cedff20999df2af8eb42d56 -> 
  custom:audio-encoder-webm-vorbis: bf7c407c2cedff20999df2af8eb42d56 -> 
========================================================================
Received Prepare
Registering precompiled user dll's ...
Registered in 0.006599 seconds.
Begin MonoManager ReloadAssembly
Native extension for WindowsStandalone target not found
Native extension for WebGL target not found
Refreshing native plugins compatible for Editor in 0.64 ms, found 2 plugins.
Preloading 0 native plugins for Editor in 0.00 ms.
Mono: successfully reloaded assembly
- Completed reload, in  1.483 seconds
Domain Reload Profiling:
	ReloadAssembly (1483ms)
		BeginReloadAssembly (160ms)
			ExecutionOrderSort (0ms)
			DisableScriptedObjects (18ms)
			BackupInstance (0ms)
			ReleaseScriptingObjects (0ms)
			CreateAndSetChildDomain (41ms)
		EndReloadAssembly (1238ms)
			LoadAssemblies (115ms)
			RebuildTransferFunctionScriptingTraits (0ms)
			SetupTypeCache (391ms)
			ReleaseScriptCaches (2ms)
			RebuildScriptCaches (57ms)
			SetupLoadedEditorAssemblies (402ms)
				LogAssemblyErrors (0ms)
				InitializePlatformSupportModulesInManaged (7ms)
				SetLoadedEditorAssemblies (1ms)
				RefreshPlugins (1ms)
				BeforeProcessingInitializeOnLoad (114ms)
				ProcessInitializeOnLoadAttributes (257ms)
				ProcessInitializeOnLoadMethodAttributes (10ms)
				AfterProcessingInitializeOnLoad (12ms)
				EditorAssembliesLoaded (0ms)
			ExecutionOrderSort2 (0ms)
			AwakeInstancesAfterBackupRestoration (20ms)
Platform modules already initialized, skipping
Refreshing native plugins compatible for Editor in 0.71 ms, found 2 plugins.
Preloading 0 native plugins for Editor in 0.00 ms.
Unloading 2882 Unused Serialized files (Serialized files now loaded: 0)
System memory in use before: 150.2 MB.
System memory in use after: 150.4 MB.

Unloading 16 unused Assets to reduce memory usage. Loaded Objects now: 3585.
Total: 4.438600 ms (FindLiveObjects: 0.371700 ms CreateObjectMapping: 0.173200 ms MarkObjects: 3.866500 ms  DeleteObjects: 0.025500 ms)

AssetImportParameters requested are different than current active one (requested -> active):
  custom:framework-win-MediaFoundation: 216162199b28c13a410421893ffa2e32 -> 
  custom:video-decoder-ogg-theora: a1e56fd34408186e4bbccfd4996cb3dc -> 
  custom:container-muxer-webm: aa71ff27fc2769a1b78a27578f13a17b -> 
  custom:container-demuxer-webm: 4f35f7cbe854078d1ac9338744f61a02 -> 
  custom:container-demuxer-ogg: 62fdf1f143b41e24485cea50d1cbac27 -> 
  custom:video-encoder-webm-vp8: eb34c28f22e8b96e1ab97ce403110664 -> 
  custom:video-decoder-webm-vp8: 9c59270c3fd7afecdb556c50c9e8de78 -> 
  custom:audio-decoder-ogg-vorbis: bf7c407c2cedff20999df2af8eb42d56 -> 
  custom:audio-encoder-webm-vorbis: bf7c407c2cedff20999df2af8eb42d56 -> 
========================================================================
Received Prepare
Registering precompiled user dll's ...
Registered in 0.005854 seconds.
Begin MonoManager ReloadAssembly
Native extension for WindowsStandalone target not found
Native extension for WebGL target not found
Refreshing native plugins compatible for Editor in 0.65 ms, found 2 plugins.
Preloading 0 native plugins for Editor in 0.00 ms.
Mono: successfully reloaded assembly
- Completed reload, in  1.417 seconds
Domain Reload Profiling:
	ReloadAssembly (1417ms)
		BeginReloadAssembly (159ms)
			ExecutionOrderSort (0ms)
			DisableScriptedObjects (7ms)
			BackupInstance (0ms)
			ReleaseScriptingObjects (0ms)
			CreateAndSetChildDomain (43ms)
		EndReloadAssembly (1164ms)
			LoadAssemblies (152ms)
			RebuildTransferFunctionScriptingTraits (0ms)
			SetupTypeCache (398ms)
			ReleaseScriptCaches (2ms)
			RebuildScriptCaches (53ms)
			SetupLoadedEditorAssemblies (407ms)
				LogAssemblyErrors (0ms)
				InitializePlatformSupportModulesInManaged (14ms)
				SetLoadedEditorAssemblies (1ms)
				RefreshPlugins (1ms)
				BeforeProcessingInitializeOnLoad (111ms)
				ProcessInitializeOnLoadAttributes (259ms)
				ProcessInitializeOnLoadMethodAttributes (10ms)
				AfterProcessingInitializeOnLoad (11ms)
				EditorAssembliesLoaded (0ms)
			ExecutionOrderSort2 (0ms)
			AwakeInstancesAfterBackupRestoration (19ms)
Platform modules already initialized, skipping
Refreshing native plugins compatible for Editor in 0.60 ms, found 2 plugins.
Preloading 0 native plugins for Editor in 0.00 ms.
Unloading 2882 Unused Serialized files (Serialized files now loaded: 0)
System memory in use before: 150.2 MB.
System memory in use after: 150.4 MB.

Unloading 16 unused Assets to reduce memory usage. Loaded Objects now: 3587.
Total: 4.054300 ms (FindLiveObjects: 0.279700 ms CreateObjectMapping: 0.177100 ms MarkObjects: 3.571900 ms  DeleteObjects: 0.024300 ms)

AssetImportParameters requested are different than current active one (requested -> active):
  custom:framework-win-MediaFoundation: 216162199b28c13a410421893ffa2e32 -> 
  custom:video-decoder-ogg-theora: a1e56fd34408186e4bbccfd4996cb3dc -> 
  custom:container-muxer-webm: aa71ff27fc2769a1b78a27578f13a17b -> 
  custom:container-demuxer-webm: 4f35f7cbe854078d1ac9338744f61a02 -> 
  custom:container-demuxer-ogg: 62fdf1f143b41e24485cea50d1cbac27 -> 
  custom:video-encoder-webm-vp8: eb34c28f22e8b96e1ab97ce403110664 -> 
  custom:video-decoder-webm-vp8: 9c59270c3fd7afecdb556c50c9e8de78 -> 
  custom:audio-decoder-ogg-vorbis: bf7c407c2cedff20999df2af8eb42d56 -> 
  custom:audio-encoder-webm-vorbis: bf7c407c2cedff20999df2af8eb42d56 -> 
========================================================================
Received Prepare
Registering precompiled user dll's ...
Registered in 0.006464 seconds.
Begin MonoManager ReloadAssembly
Native extension for WindowsStandalone target not found
Native extension for WebGL target not found
Refreshing native plugins compatible for Editor in 0.54 ms, found 2 plugins.
Preloading 0 native plugins for Editor in 0.00 ms.
Mono: successfully reloaded assembly
- Completed reload, in  1.435 seconds
Domain Reload Profiling:
	ReloadAssembly (1436ms)
		BeginReloadAssembly (150ms)
			ExecutionOrderSort (0ms)
			DisableScriptedObjects (5ms)
			BackupInstance (0ms)
			ReleaseScriptingObjects (0ms)
			CreateAndSetChildDomain (42ms)
		EndReloadAssembly (1200ms)
			LoadAssemblies (129ms)
			RebuildTransferFunctionScriptingTraits (0ms)
			SetupTypeCache (405ms)
			ReleaseScriptCaches (3ms)
			RebuildScriptCaches (66ms)
			SetupLoadedEditorAssemblies (432ms)
				LogAssemblyErrors (0ms)
				InitializePlatformSupportModulesInManaged (6ms)
				SetLoadedEditorAssemblies (1ms)
				RefreshPlugins (1ms)
				BeforeProcessingInitializeOnLoad (127ms)
				ProcessInitializeOnLoadAttributes (273ms)
				ProcessInitializeOnLoadMethodAttributes (11ms)
				AfterProcessingInitializeOnLoad (13ms)
				EditorAssembliesLoaded (0ms)
			ExecutionOrderSort2 (0ms)
			AwakeInstancesAfterBackupRestoration (18ms)
Platform modules already initialized, skipping
Refreshing native plugins compatible for Editor in 0.74 ms, found 2 plugins.
Preloading 0 native plugins for Editor in 0.00 ms.
Unloading 2882 Unused Serialized files (Serialized files now loaded: 0)
System memory in use before: 150.2 MB.
System memory in use after: 150.4 MB.

Unloading 16 unused Assets to reduce memory usage. Loaded Objects now: 3589.
Total: 4.127400 ms (FindLiveObjects: 0.380100 ms CreateObjectMapping: 0.278300 ms MarkObjects: 3.432100 ms  DeleteObjects: 0.035500 ms)

AssetImportParameters requested are different than current active one (requested -> active):
  custom:framework-win-MediaFoundation: 216162199b28c13a410421893ffa2e32 -> 
  custom:video-decoder-ogg-theora: a1e56fd34408186e4bbccfd4996cb3dc -> 
  custom:container-muxer-webm: aa71ff27fc2769a1b78a27578f13a17b -> 
  custom:container-demuxer-webm: 4f35f7cbe854078d1ac9338744f61a02 -> 
  custom:container-demuxer-ogg: 62fdf1f143b41e24485cea50d1cbac27 -> 
  custom:video-encoder-webm-vp8: eb34c28f22e8b96e1ab97ce403110664 -> 
  custom:video-decoder-webm-vp8: 9c59270c3fd7afecdb556c50c9e8de78 -> 
  custom:audio-decoder-ogg-vorbis: bf7c407c2cedff20999df2af8eb42d56 -> 
  custom:audio-encoder-webm-vorbis: bf7c407c2cedff20999df2af8eb42d56 -> 
AssetImportWorkerClient::OnTransportError - code=2 error=End of file
